<?xml version="1.0" encoding="UTF-8"?>
<testsuite xmlns:xsi="http://www.w3.org/2001/XMLSchema-instance" xsi:noNamespaceSchemaLocation="https://maven.apache.org/surefire/maven-surefire-plugin/xsd/surefire-test-report.xsd" version="3.0.2" name="com.resumeai.ai.controller.AiResourceTest" time="9.136" tests="11" errors="0" skipped="0" failures="0" flakes="0">
  <properties>
[...]
</properties>
  <testcase name="quotaReturnsQuotaResponse" classname="com.resumeai.ai.controller.AiResourceTest" time="0.369">
    <system-out><![CDATA[15:23:27.883 [main] INFO org.springframework.test.context.support.AnnotationConfigContextLoaderUtils -- Could not detect default configuration classes for test class [com.resumeai.ai.controller.AiResourceTest]: AiResourceTest does not declare any static, non-private, non-final, nested classes annotated with @Configuration.
15:23:28.349 [main] INFO org.springframework.boot.test.context.SpringBootTestContextBootstrapper -- Found @SpringBootConfiguration com.resumeai.ai.AiContentServiceApplication for test class com.resumeai.ai.controller.AiResourceTest

  .   ____          _            __ _ _
 /\\ / ___'_ __ _ _(_)_ __  __ _ \ \ \ \
( ( )\___ | '_ | '_| | '_ \/ _` | \ \ \ \
 \\/  ___)| |_)| | | | | || (_| |  ) ) ) )
  '  |____| .__|_| |_|_| |_\__, | / / / /
 =========|_|==============|___/=/_/_/_/

 :: Spring Boot ::               (v3.5.13)

2026-04-23T15:23:30.136+05:30  INFO 31412 --- [ai-content-service] [           main] c.resumeai.ai.controller.AiResourceTest  : Starting AiResourceTest using Java 25.0.1 with PID 31412 (started by alapu in C:\Users\alapu\Desktop\ResumeAI\ResumeAI_Backend\ai-content-service)
2026-04-23T15:23:30.139+05:30  INFO 31412 --- [ai-content-service] [           main] c.resumeai.ai.controller.AiResourceTest  : No active profile set, falling back to 1 default profile: "default"
2026-04-23T15:23:35.378+05:30  WARN 31412 --- [ai-content-service] [           main] .s.s.UserDetailsServiceAutoConfiguration : 

Using generated security password: 1e8ff761-f276-41d9-b310-a2258031e5ff

This generated password is for development use only. Your security configuration must be updated before running your application in production.

2026-04-23T15:23:35.398+05:30  INFO 31412 --- [ai-content-service] [           main] r$InitializeUserDetailsManagerConfigurer : Global AuthenticationManager configured with UserDetailsService bean with name inMemoryUserDetailsManager
2026-04-23T15:23:35.645+05:30  INFO 31412 --- [ai-content-service] [           main] o.s.b.t.m.w.SpringBootMockServletContext : Initializing Spring TestDispatcherServlet ''
2026-04-23T15:23:35.647+05:30  INFO 31412 --- [ai-content-service] [           main] o.s.t.web.servlet.TestDispatcherServlet  : Initializing Servlet ''
2026-04-23T15:23:35.649+05:30  INFO 31412 --- [ai-content-service] [           main] o.s.t.web.servlet.TestDispatcherServlet  : Completed initialization in 2 ms
2026-04-23T15:23:35.706+05:30  INFO 31412 --- [ai-content-service] [           main] c.resumeai.ai.controller.AiResourceTest  : Started AiResourceTest in 6.675 seconds (process running for 9.806)
]]></system-out>
    <system-err><![CDATA[Mockito is currently self-attaching to enable the inline-mock-maker. This will no longer work in future releases of the JDK. Please add Mockito as an agent to your build as described in Mockito's documentation: https://javadoc.io/doc/org.mockito/mockito-core/latest/org.mockito/org/mockito/Mockito.html#0.3
WARNING: A Java agent has been loaded dynamically (C:\Users\alapu\.m2\repository\net\bytebuddy\byte-buddy-agent\1.17.8\byte-buddy-agent-1.17.8.jar)
WARNING: If a serviceability tool is in use, please run with -XX:+EnableDynamicAgentLoading to hide this warning
WARNING: If a serviceability tool is not in use, please run with -Djdk.instrument.traceUsage for more information
WARNING: Dynamic loading of agents will be disallowed by default in a future release
]]></system-err>
  </testcase>
  <testcase name="historyReturnsList" classname="com.resumeai.ai.controller.AiResourceTest" time="0.03"/>
  <testcase name="generateSummaryReturnsCreatedResponse" classname="com.resumeai.ai.controller.AiResourceTest" time="0.206"/>
  <testcase name="summaryValidationFailsForBlankText" classname="com.resumeai.ai.controller.AiResourceTest" time="0.089"/>
  <testcase name="improveSectionReturnsOkResponse" classname="com.resumeai.ai.controller.AiResourceTest" time="0.022"/>
  <testcase name="tailorForJobReturnsOkResponse" classname="com.resumeai.ai.controller.AiResourceTest" time="0.028"/>
  <testcase name="suggestSkillsReturnsOkResponse" classname="com.resumeai.ai.controller.AiResourceTest" time="0.028"/>
  <testcase name="generateBulletsReturnsCreatedResponse" classname="com.resumeai.ai.controller.AiResourceTest" time="0.021"/>
  <testcase name="generateCoverLetterReturnsCreatedResponse" classname="com.resumeai.ai.controller.AiResourceTest" time="0.031"/>
  <testcase name="checkAtsReturnsReportResponse" classname="com.resumeai.ai.controller.AiResourceTest" time="0.031"/>
  <testcase name="translateResumeReturnsOkResponse" classname="com.resumeai.ai.controller.AiResourceTest" time="0.024"/>
</testsuite>